<?xml version="1.0" encoding="UTF-8"?>
<!-- Generated by org.testng.reporters.JUnitReportReporter -->
<testsuite skipped="0" hostname="IBM708-PC06XHP1" name="ELearningFunctionalTests.ELTC_059" tests="1" failures="0" timestamp="04 Feb 2019 07:27:26 GMT" time="56.920" errors="0">
  <testcase name="validLoginTest" time="56.920" classname="ELearningFunctionalTests.ELTC_059"/>
</testsuite> <!-- ELearningFunctionalTests.ELTC_059 -->
