<?xml version="1.0" encoding="UTF-8"?>
<!-- Generated by org.testng.reporters.JUnitReportReporter -->
<testsuite skipped="0" hostname="IBM708-PC06XHP1" name="ELearningFunctionalTests.ELTC_056" tests="1" failures="0" timestamp="31 Jan 2019 04:19:04 GMT" time="57.102" errors="0">
  <testcase name="validLoginTest" time="57.102" classname="ELearningFunctionalTests.ELTC_056"/>
</testsuite> <!-- ELearningFunctionalTests.ELTC_056 -->
