<?xml version="1.0" encoding="UTF-8"?>
<!-- Generated by org.testng.reporters.JUnitReportReporter -->
<testsuite skipped="0" hostname="IBM708-PC06XHP1" name="ELearningFunctionalTests.ELearningRemoveClassTest" tests="1" failures="0" timestamp="05 Feb 2019 05:40:37 GMT" time="34.715" errors="0">
  <testcase name="validLoginTest" time="34.715" classname="ELearningFunctionalTests.ELearningRemoveClassTest"/>
</testsuite> <!-- ELearningFunctionalTests.ELearningRemoveClassTest -->
