<?xml version="1.0" encoding="UTF-8"?>
<!-- Generated by org.testng.reporters.JUnitReportReporter -->
<testsuite skipped="0" hostname="IBM708-PC06XHP1" name="ELearningFunctionalTests.CompletedSampleTest" tests="1" failures="0" timestamp="24 Jan 2019 07:26:01 GMT" time="20.801" errors="0">
  <testcase name="validLoginTest" time="20.801" classname="ELearningFunctionalTests.CompletedSampleTest"/>
</testsuite> <!-- ELearningFunctionalTests.CompletedSampleTest -->
