<?xml version="1.0" encoding="UTF-8"?>
<!-- Generated by org.testng.reporters.JUnitReportReporter -->
<testsuite skipped="0" hostname="IBM708-PC06XHP1" name="com.training.regression.tests.LoginExcelTest" tests="2" failures="0" timestamp="06 Feb 2019 12:31:55 GMT" time="29.054" errors="0">
  <testcase name="loginDBTest" time="10.905" classname="com.training.regression.tests.LoginExcelTest"/>
  <testcase name="loginDBTest" time="18.149" classname="com.training.regression.tests.LoginExcelTest"/>
</testsuite> <!-- com.training.regression.tests.LoginExcelTest -->
