<?xml version="1.0" encoding="UTF-8"?>
<!-- Generated by org.testng.reporters.JUnitReportReporter -->
<testsuite skipped="0" hostname="IBM708-PC06XHP1" name="ELearningFunctionalTests.ELTC_030" tests="1" failures="0" timestamp="24 Jan 2019 07:45:14 GMT" time="27.017" errors="0">
  <testcase name="validLogoutTest" time="27.017" classname="ELearningFunctionalTests.ELTC_030"/>
</testsuite> <!-- ELearningFunctionalTests.ELTC_030 -->
