<?xml version="1.0" encoding="UTF-8"?>
<!-- Generated by org.testng.reporters.JUnitReportReporter -->
<testsuite skipped="0" hostname="IBM708-PC06XHP1" name="ELearningFunctionalTests.ELearningSubscribeUsersAddCoursesTest" tests="1" failures="0" timestamp="05 Feb 2019 05:58:39 GMT" time="61.067" errors="0">
  <testcase name="validLoginTest" time="61.067" classname="ELearningFunctionalTests.ELearningSubscribeUsersAddCoursesTest"/>
</testsuite> <!-- ELearningFunctionalTests.ELearningSubscribeUsersAddCoursesTest -->
