<?xml version="1.0" encoding="UTF-8"?>
<!-- Generated by org.testng.reporters.JUnitReportReporter -->
<testsuite skipped="0" hostname="IBM708-PC06XHP1" name="ELearningFunctionalTests.ELearningLogoutTest" tests="1" failures="0" timestamp="05 Feb 2019 05:49:13 GMT" time="24.106" errors="0">
  <testcase name="validLogoutTest" time="24.106" classname="ELearningFunctionalTests.ELearningLogoutTest"/>
</testsuite> <!-- ELearningFunctionalTests.ELearningLogoutTest -->
