<?xml version="1.0" encoding="UTF-8"?>
<!-- Generated by org.testng.reporters.JUnitReportReporter -->
<testsuite skipped="0" hostname="IBM708-PC06XHP1" name="ELearningFunctionalTests.ELTC_028" tests="1" failures="0" timestamp="25 Jan 2019 07:17:42 GMT" time="48.030" errors="0">
  <testcase name="validLoginTest" time="48.030" classname="ELearningFunctionalTests.ELTC_028"/>
</testsuite> <!-- ELearningFunctionalTests.ELTC_028 -->
