<?xml version="1.0" encoding="UTF-8"?>
<!-- Generated by org.testng.reporters.JUnitReportReporter -->
<testsuite skipped="0" hostname="IBM708-PC06XHP1" name="com.training.sanity.tests.LoginTests" tests="1" failures="0" timestamp="21 Jan 2019 14:50:40 GMT" time="19.815" errors="0">
  <testcase name="validLoginTest" time="19.815" classname="com.training.sanity.tests.LoginTests"/>
</testsuite> <!-- com.training.sanity.tests.LoginTests -->
