<?xml version="1.0" encoding="UTF-8"?>
<!-- Generated by org.testng.reporters.JUnitReportReporter -->
<testsuite skipped="0" hostname="IBM708-PC06XHP1" name="ELearningFunctionalTests.ELearningClassCreation" tests="1" failures="0" timestamp="05 Feb 2019 04:57:29 GMT" time="35.548" errors="0">
  <testcase name="validLoginTest" time="35.548" classname="ELearningFunctionalTests.ELearningClassCreation"/>
</testsuite> <!-- ELearningFunctionalTests.ELearningClassCreation -->
