<?xml version="1.0" encoding="UTF-8"?>
<!-- Generated by org.testng.reporters.JUnitReportReporter -->
<testsuite skipped="0" hostname="IBM708-PC06XHP1" name="ELearningFunctionalTests.ELearningCreateCourseAndSubscribeUserToCourseTest" tests="1" failures="0" timestamp="05 Feb 2019 06:52:32 GMT" time="72.203" errors="0">
  <testcase name="validLoginTest" time="72.203" classname="ELearningFunctionalTests.ELearningCreateCourseAndSubscribeUserToCourseTest"/>
</testsuite> <!-- ELearningFunctionalTests.ELearningCreateCourseAndSubscribeUserToCourseTest -->
