<?xml version="1.0" encoding="UTF-8"?>
<!-- Generated by org.testng.reporters.JUnitReportReporter -->
<testsuite skipped="0" hostname="IBM708-PC06XHP1" name="ELearningFunctionalTests.ELTC_058" tests="1" failures="0" timestamp="04 Feb 2019 07:35:29 GMT" time="51.548" errors="0">
  <testcase name="validLoginTest" time="51.548" classname="ELearningFunctionalTests.ELTC_058"/>
</testsuite> <!-- ELearningFunctionalTests.ELTC_058 -->
