<?xml version="1.0" encoding="UTF-8"?>
<!-- Generated by org.testng.reporters.JUnitReportReporter -->
<testsuite skipped="0" hostname="IBM708-PC06XHP1" name="ELearningFunctionalTests.ELTC_057" tests="1" failures="0" timestamp="31 Jan 2019 05:26:23 GMT" time="49.634" errors="0">
  <testcase name="validLoginTest" time="49.634" classname="ELearningFunctionalTests.ELTC_057"/>
</testsuite> <!-- ELearningFunctionalTests.ELTC_057 -->
