<?xml version="1.0" encoding="UTF-8"?>
<!-- Generated by org.testng.reporters.JUnitReportReporter -->
<testsuite skipped="0" hostname="IBM708-PC06XHP1" name="ELearningFunctionalTests.ELTC_027" tests="1" failures="0" timestamp="25 Jan 2019 04:51:42 GMT" time="40.565" errors="0">
  <testcase name="validLoginTest" time="40.565" classname="ELearningFunctionalTests.ELTC_027"/>
</testsuite> <!-- ELearningFunctionalTests.ELTC_027 -->
