<?xml version="1.0" encoding="UTF-8"?>
<!-- Generated by org.testng.reporters.JUnitReportReporter -->
<testsuite skipped="0" hostname="IBM708-PC06XHP1" name="ELearningFunctionalTests.ELearningRegisteredStudentDetails" tests="1" failures="0" timestamp="12 Feb 2019 06:53:15 GMT" time="42.618" errors="0">
  <testcase name="validRegisteredStudentDetailsTest" time="42.618" classname="ELearningFunctionalTests.ELearningRegisteredStudentDetails"/>
</testsuite> <!-- ELearningFunctionalTests.ELearningRegisteredStudentDetails -->
