<?xml version="1.0" encoding="UTF-8"?>
<!-- Generated by org.testng.reporters.JUnitReportReporter -->
<testsuite skipped="0" hostname="IBM708-PC06XHP1" name="ELearningFunctionalTests.ELTC_060" tests="1" failures="0" timestamp="04 Feb 2019 06:46:51 GMT" time="62.235" errors="0">
  <testcase name="validLoginTest" time="62.235" classname="ELearningFunctionalTests.ELTC_060"/>
</testsuite> <!-- ELearningFunctionalTests.ELTC_060 -->
