<?xml version="1.0" encoding="UTF-8"?>
<!-- Generated by org.testng.reporters.JUnitReportReporter -->
<testsuite skipped="0" hostname="IBM708-PC06XHP1" name="ELearningFunctionalTests.ELearningMultipleUsersToGetRegisteredTest" tests="4" failures="0" timestamp="12 Feb 2019 05:35:31 GMT" time="108.265" errors="0">
  <testcase name="ELearningMultipleUsersToGetRegisteredDBTest" time="31.501" classname="ELearningFunctionalTests.ELearningMultipleUsersToGetRegisteredTest"/>
  <testcase name="ELearningMultipleUsersToGetRegisteredDBTest" time="25.716" classname="ELearningFunctionalTests.ELearningMultipleUsersToGetRegisteredTest"/>
  <testcase name="ELearningMultipleUsersToGetRegisteredDBTest" time="27.135" classname="ELearningFunctionalTests.ELearningMultipleUsersToGetRegisteredTest"/>
  <testcase name="ELearningMultipleUsersToGetRegisteredDBTest" time="23.913" classname="ELearningFunctionalTests.ELearningMultipleUsersToGetRegisteredTest"/>
</testsuite> <!-- ELearningFunctionalTests.ELearningMultipleUsersToGetRegisteredTest -->
