<?xml version="1.0" encoding="UTF-8"?>
<!-- Generated by org.testng.reporters.JUnitReportReporter -->
<testsuite skipped="0" hostname="IBM708-PC06XHP1" name="ELearningFunctionalTests.ELearningInvalidCredentialValidationTest" tests="4" failures="0" timestamp="12 Feb 2019 05:58:03 GMT" time="97.043" errors="0">
  <testcase name="ELearningInvalidCredentialValidationDBTest" time="26.768" classname="ELearningFunctionalTests.ELearningInvalidCredentialValidationTest"/>
  <testcase name="ELearningInvalidCredentialValidationDBTest" time="24.608" classname="ELearningFunctionalTests.ELearningInvalidCredentialValidationTest"/>
  <testcase name="ELearningInvalidCredentialValidationDBTest" time="22.080" classname="ELearningFunctionalTests.ELearningInvalidCredentialValidationTest"/>
  <testcase name="ELearningInvalidCredentialValidationDBTest" time="23.587" classname="ELearningFunctionalTests.ELearningInvalidCredentialValidationTest"/>
</testsuite> <!-- ELearningFunctionalTests.ELearningInvalidCredentialValidationTest -->
