<?xml version="1.0" encoding="UTF-8"?>
<!-- Generated by org.testng.reporters.JUnitReportReporter -->
<testsuite skipped="0" hostname="IBM708-PC06XHP1" name="ELearningFunctionalTests.ELTC_029" tests="1" failures="0" timestamp="25 Jan 2019 08:35:36 GMT" time="40.872" errors="0">
  <testcase name="validLoginTest" time="40.872" classname="ELearningFunctionalTests.ELTC_029"/>
</testsuite> <!-- ELearningFunctionalTests.ELTC_029 -->
