<?xml version="1.0" encoding="UTF-8"?>
<!-- Generated by org.testng.reporters.JUnitReportReporter -->
<testsuite skipped="0" hostname="IBM708-PC06XHP1" name="ELearningFunctionalTests.ELearningSubscribeUserToClassTest" tests="1" failures="0" timestamp="05 Feb 2019 05:28:08 GMT" time="52.714" errors="0">
  <testcase name="validLoginTest" time="52.714" classname="ELearningFunctionalTests.ELearningSubscribeUserToClassTest"/>
</testsuite> <!-- ELearningFunctionalTests.ELearningSubscribeUserToClassTest -->
