<?xml version="1.0" encoding="UTF-8"?>
<!-- Generated by org.testng.reporters.JUnitReportReporter -->
<testsuite skipped="0" hostname="IBM708-PC06XHP1" name="ELearningFunctionalTests.ELearningAuthorCourseTakeTestAndReviewTest" tests="1" failures="0" timestamp="12 Feb 2019 08:08:46 GMT" time="64.637" errors="0">
  <testcase name="validELearningAuthorCourseTakeTestAndReviewTest" time="64.637" classname="ELearningFunctionalTests.ELearningAuthorCourseTakeTestAndReviewTest"/>
</testsuite> <!-- ELearningFunctionalTests.ELearningAuthorCourseTakeTestAndReviewTest -->
